<?xml version="1.0" encoding="UTF-8"?>
<testng-results ignored="0" total="1" passed="1" failed="0" skipped="0">
  <reporter-output>
  </reporter-output>
  <suite started-at="2022-06-20T10:05:58 IST" name="Default suite" finished-at="2022-06-20T10:06:16 IST" duration-ms="18797">
    <groups>
    </groups>
    <test started-at="2022-06-20T10:05:58 IST" name="Default test" finished-at="2022-06-20T10:06:16 IST" duration-ms="18797">
      <class name="com.DWS_Scripts.Reg_004">
        <test-method is-config="true" signature="openBrowser(java.lang.String)[pri:0, instance:com.DWS_Scripts.Reg_004@156b88f5]" started-at="2022-06-20T10:05:58 IST" name="openBrowser" finished-at="2022-06-20T10:06:00 IST" duration-ms="2775" status="PASS">
          <params>
            <param index="0">
              <value>
                <![CDATA[chrome]]>
              </value>
            </param>
          </params>
          <reporter-output>
          </reporter-output>
        </test-method> <!-- openBrowser -->
        <test-method is-config="true" signature="Login()[pri:0, instance:com.DWS_Scripts.Reg_004@156b88f5]" started-at="2022-06-20T10:06:00 IST" name="Login" finished-at="2022-06-20T10:06:11 IST" duration-ms="10140" status="PASS">
          <reporter-output>
          </reporter-output>
        </test-method> <!-- Login -->
        <test-method signature="TC_04()[pri:0, instance:com.DWS_Scripts.Reg_004@156b88f5]" started-at="2022-06-20T10:06:11 IST" name="TC_04" finished-at="2022-06-20T10:06:15 IST" duration-ms="4617" status="PASS">
          <reporter-output>
          </reporter-output>
        </test-method> <!-- TC_04 -->
        <test-method is-config="true" signature="Logout()[pri:0, instance:com.DWS_Scripts.Reg_004@156b88f5]" started-at="2022-06-20T10:06:15 IST" name="Logout" finished-at="2022-06-20T10:06:16 IST" duration-ms="937" status="PASS">
          <reporter-output>
          </reporter-output>
        </test-method> <!-- Logout -->
        <test-method is-config="true" signature="closebrowser()[pri:0, instance:com.DWS_Scripts.Reg_004@156b88f5]" started-at="2022-06-20T10:06:16 IST" name="closebrowser" finished-at="2022-06-20T10:06:16 IST" duration-ms="273" status="PASS">
          <reporter-output>
          </reporter-output>
        </test-method> <!-- closebrowser -->
      </class> <!-- com.DWS_Scripts.Reg_004 -->
    </test> <!-- Default test -->
  </suite> <!-- Default suite -->
</testng-results>
